  main.cpp
e:\repos\c++\graph\graph1\graph\graph\graph.h(39): warning C4244: "argument": konwersja z "uint64_t" do "const unsigned int", możliwa utrata danych
e:\repos\c++\graph\graph1\graph\graph\graph.h(39): warning C4244: "argument": konwersja z "uint64_t" do "int", możliwa utrata danych
e:\repos\c++\graph\graph1\graph\graph\graph.h(40): warning C4244: "argument": konwersja z "uint64_t" do "const unsigned int", możliwa utrata danych
e:\repos\c++\graph\graph1\graph\graph\graph.h(40): warning C4244: "argument": konwersja z "uint64_t" do "int", możliwa utrata danych
e:\repos\c++\graph\graph1\graph\graph\graph.h(53): warning C4244: "argument": konwersja z "uint64_t" do "const unsigned int", możliwa utrata danych
e:\repos\c++\graph\graph1\graph\graph\graph.h(53): warning C4244: "argument": konwersja z "uint64_t" do "int", możliwa utrata danych
e:\repos\c++\graph\graph1\graph\graph\graph.h(54): warning C4244: "argument": konwersja z "uint64_t" do "const unsigned int", możliwa utrata danych
e:\repos\c++\graph\graph1\graph\graph\graph.h(54): warning C4244: "argument": konwersja z "uint64_t" do "int", możliwa utrata danych
e:\repos\c++\graph\graph1\graph\graph\graph.h(67): warning C4244: "argument": konwersja z "uint64_t" do "const unsigned int", możliwa utrata danych
e:\repos\c++\graph\graph1\graph\graph\graph.h(67): warning C4244: "argument": konwersja z "uint64_t" do "int", możliwa utrata danych
e:\repos\c++\graph\graph1\graph\graph\graph.h(81): warning C4244: "argument": konwersja z "uint64_t" do "const unsigned int", możliwa utrata danych
e:\repos\c++\graph\graph1\graph\graph\graph.h(81): warning C4244: "argument": konwersja z "uint64_t" do "int", możliwa utrata danych
e:\repos\c++\graph\graph1\graph\graph\graph.h(99): warning C4018: "<": niezgodność typu ze znakiem/bez znaku
e:\repos\c++\graph\graph1\graph\graph\graph.h(151): warning C4018: "<": niezgodność typu ze znakiem/bez znaku
e:\repos\c++\graph\graph1\graph\graph\graph.h(179): warning C4018: "<": niezgodność typu ze znakiem/bez znaku
e:\repos\c++\graph\graph1\graph\graph\graph.h(184): warning C4018: "<": niezgodność typu ze znakiem/bez znaku
e:\repos\c++\graph\graph1\graph\graph\graph.h(186): warning C4018: "<": niezgodność typu ze znakiem/bez znaku
e:\repos\c++\graph\graph1\graph\graph\graph.h(206): warning C4018: "<": niezgodność typu ze znakiem/bez znaku
e:\repos\c++\graph\graph1\graph\graph\graph.h(219): warning C4244: "argument": konwersja z "uint64_t" do "const unsigned int", możliwa utrata danych
e:\repos\c++\graph\graph1\graph\graph\graph.h(224): warning C4244: "argument": konwersja z "uint64_t" do "const unsigned int", możliwa utrata danych
e:\repos\c++\graph\graph1\graph\graph\graph.h(226): warning C4244: "argument": konwersja z "uint64_t" do "const unsigned int", możliwa utrata danych
e:\repos\c++\graph\graph1\graph\graph\graph.h(232): warning C4018: "<": niezgodność typu ze znakiem/bez znaku
e:\repos\c++\graph\graph1\graph\graph\graph.h(234): warning C4018: "<": niezgodność typu ze znakiem/bez znaku
e:\repos\c++\graph\graph1\graph\graph\graph.h(245): warning C4018: "<": niezgodność typu ze znakiem/bez znaku
e:\repos\c++\graph\graph1\graph\graph\graph.h(252): warning C4018: "<": niezgodność typu ze znakiem/bez znaku
e:\repos\c++\graph\graph1\graph\graph\graph.h(263): warning C4244: "argument": konwersja z "uint64_t" do "const unsigned int", możliwa utrata danych
e:\repos\c++\graph\graph1\graph\graph\graph.h(265): warning C4244: "return": konwersja z "uint64_t" do "int", możliwa utrata danych
e:\repos\c++\graph\graph1\graph\graph\graph.h(272): warning C4018: "<": niezgodność typu ze znakiem/bez znaku
e:\repos\c++\graph\graph1\graph\graph\graph.h(275): warning C4018: "<": niezgodność typu ze znakiem/bez znaku
e:\repos\c++\graph\graph1\graph\graph\main.cpp(204): warning C4018: "<": niezgodność typu ze znakiem/bez znaku
e:\repos\c++\graph\graph1\graph\graph\main.cpp(211): warning C4018: "<": niezgodność typu ze znakiem/bez znaku
e:\repos\c++\graph\graph1\graph\graph\main.cpp(216): warning C4018: "<": niezgodność typu ze znakiem/bez znaku
e:\repos\c++\graph\graph1\graph\graph\graph.h(141): warning C4715: "graph::vertexDegree”: niewszystkie ścieżki kodu zwracają wartość
  Graph.vcxproj -> E:\Repos\C++\Graph\Graph1\Graph\Debug\Graph.exe
